<?xml version="1.0" encoding="utf-8"?><testsuites name="pytest tests"><testsuite name="pytest" errors="0" failures="0" skipped="0" tests="22" time="7.089" timestamp="2026-03-29T13:41:59.426530+00:00" hostname="agent-env-1d0565e3-71ff-438d-87e8-6d483112aef6"><testcase classname="backend.tests.test_uhf_api.TestHealthAndBasics" name="test_api_root" time="0.219" /><testcase classname="backend.tests.test_uhf_api.TestHealthAndBasics" name="test_stats_endpoint" time="0.138" /><testcase classname="backend.tests.test_uhf_api.TestUserAuth" name="test_user_registration" time="0.333" /><testcase classname="backend.tests.test_uhf_api.TestUserAuth" name="test_user_registration_duplicate" time="0.436" /><testcase classname="backend.tests.test_uhf_api.TestUserAuth" name="test_user_login" time="1.002" /><testcase classname="backend.tests.test_uhf_api.TestUserAuth" name="test_user_login_invalid_credentials" time="0.107" /><testcase classname="backend.tests.test_uhf_api.TestAdminAuth" name="test_admin_login" time="0.324" /><testcase classname="backend.tests.test_uhf_api.TestAdminAuth" name="test_admin_login_wrong_email" time="0.098" /><testcase classname="backend.tests.test_uhf_api.TestAdminAuth" name="test_admin_login_wrong_password" time="0.332" /><testcase classname="backend.tests.test_uhf_api.TestProjectsCRUD" name="test_get_projects" time="0.100" /><testcase classname="backend.tests.test_uhf_api.TestProjectsCRUD" name="test_create_project" time="0.428" /><testcase classname="backend.tests.test_uhf_api.TestProjectsCRUD" name="test_update_project" time="0.559" /><testcase classname="backend.tests.test_uhf_api.TestProjectsCRUD" name="test_delete_project" time="0.680" /><testcase classname="backend.tests.test_uhf_api.TestGalleryCRUD" name="test_get_gallery" time="0.159" /><testcase classname="backend.tests.test_uhf_api.TestGalleryCRUD" name="test_create_gallery_image" time="0.445" /><testcase classname="backend.tests.test_uhf_api.TestGalleryCRUD" name="test_update_gallery_image" time="0.566" /><testcase classname="backend.tests.test_uhf_api.TestGalleryCRUD" name="test_delete_gallery_image" time="0.535" /><testcase classname="backend.tests.test_uhf_api.TestDonations" name="test_get_donations" time="0.108" /><testcase classname="backend.tests.test_uhf_api.TestDonations" name="test_create_donation" time="0.128" /><testcase classname="backend.tests.test_uhf_api.TestAdminSettings" name="test_get_settings" time="0.101" /><testcase classname="backend.tests.test_uhf_api.TestPillars" name="test_get_pillars" time="0.091" /><testcase classname="backend.tests.test_uhf_api.TestSuccessStories" name="test_get_success_stories" time="0.103" /></testsuite></testsuites>