<?xml version="1.0" encoding="utf-8"?><testsuites name="pytest tests"><testsuite name="pytest" errors="0" failures="0" skipped="0" tests="20" time="11.059" timestamp="2026-03-30T07:19:06.236700+00:00" hostname="agent-env-1d0565e3-71ff-438d-87e8-6d483112aef6"><testcase classname="backend.tests.test_iteration4_features.TestSuccessStoriesCRUD" name="test_get_success_stories" time="2.375" /><testcase classname="backend.tests.test_iteration4_features.TestSuccessStoriesCRUD" name="test_create_success_story" time="1.959" /><testcase classname="backend.tests.test_iteration4_features.TestSuccessStoriesCRUD" name="test_update_success_story" time="0.278" /><testcase classname="backend.tests.test_iteration4_features.TestSuccessStoriesCRUD" name="test_verify_story_update" time="0.272" /><testcase classname="backend.tests.test_iteration4_features.TestSuccessStoriesCRUD" name="test_delete_success_story" time="0.316" /><testcase classname="backend.tests.test_iteration4_features.TestRazorpayEndpoints" name="test_razorpay_create_order_endpoint_exists" time="1.024" /><testcase classname="backend.tests.test_iteration4_features.TestRazorpayEndpoints" name="test_razorpay_verify_endpoint_exists" time="0.273" /><testcase classname="backend.tests.test_iteration4_features.TestAboutUsPageAPIs" name="test_get_site_assets" time="0.278" /><testcase classname="backend.tests.test_iteration4_features.TestAboutUsPageAPIs" name="test_get_specific_site_asset" time="0.312" /><testcase classname="backend.tests.test_iteration4_features.TestAboutUsPageAPIs" name="test_get_pillars" time="0.278" /><testcase classname="backend.tests.test_iteration4_features.TestAdminSettings" name="test_get_admin_settings" time="0.274" /><testcase classname="backend.tests.test_iteration4_features.TestAdminSettings" name="test_update_admin_settings" time="0.554" /><testcase classname="backend.tests.test_iteration4_features.TestVideoCRUD" name="test_get_videos" time="0.272" /><testcase classname="backend.tests.test_iteration4_features.TestVideoCRUD" name="test_create_youtube_video" time="0.277" /><testcase classname="backend.tests.test_iteration4_features.TestVideoCRUD" name="test_create_facebook_video" time="0.589" /><testcase classname="backend.tests.test_iteration4_features.TestVideoCRUD" name="test_create_instagram_video" time="0.552" /><testcase classname="backend.tests.test_iteration4_features.TestVideoCRUD" name="test_delete_video" time="0.274" /><testcase classname="backend.tests.test_iteration4_features.TestDonatePageAPIs" name="test_get_payment_mode" time="0.272" /><testcase classname="backend.tests.test_iteration4_features.TestDonatePageAPIs" name="test_get_qr_code_asset" time="0.270" /><testcase classname="backend.tests.test_iteration4_features.TestDonatePageAPIs" name="test_get_active_projects" time="0.272" /></testsuite></testsuites>