<?xml version="1.0" encoding="utf-8"?><testsuites name="pytest tests"><testsuite name="pytest" errors="0" failures="0" skipped="0" tests="15" time="12.174" timestamp="2026-03-30T17:23:47.245965+00:00" hostname="agent-env-1d0565e3-71ff-438d-87e8-6d483112aef6"><testcase classname="backend.tests.test_iteration5_features.TestAdminSettings" name="test_get_admin_settings" time="2.627" /><testcase classname="backend.tests.test_iteration5_features.TestAdminSettings" name="test_facebook_url_preset" time="0.435" /><testcase classname="backend.tests.test_iteration5_features.TestSiteAssets" name="test_get_site_assets" time="0.364" /><testcase classname="backend.tests.test_iteration5_features.TestSiteAssets" name="test_get_specific_asset" time="0.437" /><testcase classname="backend.tests.test_iteration5_features.TestProjects" name="test_get_projects" time="0.354" /><testcase classname="backend.tests.test_iteration5_features.TestProjects" name="test_get_active_projects" time="0.375" /><testcase classname="backend.tests.test_iteration5_features.TestStats" name="test_get_stats" time="2.265" /><testcase classname="backend.tests.test_iteration5_features.TestPillars" name="test_get_pillars" time="0.389" /><testcase classname="backend.tests.test_iteration5_features.TestGallery" name="test_get_gallery" time="0.381" /><testcase classname="backend.tests.test_iteration5_features.TestSuccessStories" name="test_get_success_stories" time="0.379" /><testcase classname="backend.tests.test_iteration5_features.TestDonations" name="test_get_donations" time="0.870" /><testcase classname="backend.tests.test_iteration5_features.TestAuth" name="test_login_admin" time="0.615" /><testcase classname="backend.tests.test_iteration5_features.TestAuth" name="test_login_invalid_credentials" time="0.348" /><testcase classname="backend.tests.test_iteration5_features.TestAdminSettingsUpdate" name="test_update_social_links" time="2.051" /><testcase classname="backend.tests.test_iteration5_features.TestHealthCheck" name="test_api_root" time="0.121" /></testsuite></testsuites>