<?xml version="1.0" encoding="utf-8"?><testsuites name="pytest tests"><testsuite name="pytest" errors="0" failures="0" skipped="0" tests="47" time="37.879" timestamp="2026-03-30T06:59:23.023141+00:00" hostname="agent-env-1d0565e3-71ff-438d-87e8-6d483112aef6"><testcase classname="backend.tests.test_donation_approval.TestDonationApproval" name="test_approve_donation_success" time="2.253" /><testcase classname="backend.tests.test_donation_approval.TestDonationApproval" name="test_reject_donation_success" time="1.811" /><testcase classname="backend.tests.test_donation_approval.TestDonationApproval" name="test_approve_donation_without_auth" time="0.433" /><testcase classname="backend.tests.test_donation_approval.TestDonationApproval" name="test_approve_nonexistent_donation" time="0.923" /><testcase classname="backend.tests.test_donation_approval.TestSiteAssets" name="test_get_qr_code" time="0.564" /><testcase classname="backend.tests.test_donation_approval.TestSiteAssets" name="test_get_logo" time="0.333" /><testcase classname="backend.tests.test_donation_approval.TestSiteAssets" name="test_get_all_site_assets" time="0.347" /><testcase classname="backend.tests.test_donation_approval.TestUnifiedLogin" name="test_admin_login_via_unified_endpoint" time="0.564" /><testcase classname="backend.tests.test_donation_approval.TestUnifiedLogin" name="test_user_login_via_unified_endpoint" time="1.354" /><testcase classname="backend.tests.test_new_features.TestVideoCRUD" name="test_get_videos_public" time="0.364" /><testcase classname="backend.tests.test_new_features.TestVideoCRUD" name="test_create_video" time="0.895" /><testcase classname="backend.tests.test_new_features.TestVideoCRUD" name="test_create_video_without_auth" time="0.099" /><testcase classname="backend.tests.test_new_features.TestVideoCRUD" name="test_delete_video" time="1.589" /><testcase classname="backend.tests.test_new_features.TestVideoCRUD" name="test_delete_nonexistent_video" time="0.892" /><testcase classname="backend.tests.test_new_features.TestAIExtraction" name="test_ai_extract_endpoint_exists" time="0.652" /><testcase classname="backend.tests.test_new_features.TestAIExtraction" name="test_ai_extract_without_auth" time="0.091" /><testcase classname="backend.tests.test_new_features.TestRazorpaySettings" name="test_get_settings_has_razorpay_fields" time="0.330" /><testcase classname="backend.tests.test_new_features.TestRazorpaySettings" name="test_update_razorpay_settings" time="1.628" /><testcase classname="backend.tests.test_new_features.TestRazorpaySettings" name="test_update_settings_without_auth" time="0.096" /><testcase classname="backend.tests.test_new_features.TestRazorpaySettings" name="test_toggle_payment_mode" time="1.951" /><testcase classname="backend.tests.test_new_features.TestPressMediaEndpoint" name="test_get_press_media" time="0.326" /><testcase classname="backend.tests.test_new_features.TestPressMediaEndpoint" name="test_get_press_media_with_filters" time="0.352" /><testcase classname="backend.tests.test_new_features.TestSuccessStories" name="test_get_success_stories" time="0.352" /><testcase classname="backend.tests.test_new_features.TestSuccessStories" name="test_create_success_story" time="0.898" /><testcase classname="backend.tests.test_new_features.TestDonationApprovalEmail" name="test_approve_donation_sends_receipt" time="1.928" /><testcase classname="backend.tests.test_uhf_api.TestHealthAndBasics" name="test_api_root" time="0.112" /><testcase classname="backend.tests.test_uhf_api.TestHealthAndBasics" name="test_stats_endpoint" time="0.576" /><testcase classname="backend.tests.test_uhf_api.TestUserAuth" name="test_user_registration" time="0.781" /><testcase classname="backend.tests.test_uhf_api.TestUserAuth" name="test_user_registration_duplicate" time="1.116" /><testcase classname="backend.tests.test_uhf_api.TestUserAuth" name="test_user_login" time="2.136" /><testcase classname="backend.tests.test_uhf_api.TestUserAuth" name="test_user_login_invalid_credentials" time="0.338" /><testcase classname="backend.tests.test_uhf_api.TestAdminAuth" name="test_admin_login" time="0.576" /><testcase classname="backend.tests.test_uhf_api.TestAdminAuth" name="test_admin_login_wrong_email" time="0.097" /><testcase classname="backend.tests.test_uhf_api.TestAdminAuth" name="test_admin_login_wrong_password" time="0.566" /><testcase classname="backend.tests.test_uhf_api.TestProjectsCRUD" name="test_get_projects" time="0.348" /><testcase classname="backend.tests.test_uhf_api.TestProjectsCRUD" name="test_create_project" time="0.918" /><testcase classname="backend.tests.test_uhf_api.TestProjectsCRUD" name="test_update_project" time="1.463" /><testcase classname="backend.tests.test_uhf_api.TestProjectsCRUD" name="test_delete_project" time="1.818" /><testcase classname="backend.tests.test_uhf_api.TestGalleryCRUD" name="test_get_gallery" time="0.331" /><testcase classname="backend.tests.test_uhf_api.TestGalleryCRUD" name="test_create_gallery_image" time="0.901" /><testcase classname="backend.tests.test_uhf_api.TestGalleryCRUD" name="test_update_gallery_image" time="1.478" /><testcase classname="backend.tests.test_uhf_api.TestGalleryCRUD" name="test_delete_gallery_image" time="1.470" /><testcase classname="backend.tests.test_uhf_api.TestDonations" name="test_get_donations" time="0.331" /><testcase classname="backend.tests.test_uhf_api.TestDonations" name="test_create_donation" time="0.341" /><testcase classname="backend.tests.test_uhf_api.TestAdminSettings" name="test_get_settings" time="0.360" /><testcase classname="backend.tests.test_uhf_api.TestPillars" name="test_get_pillars" time="0.334" /><testcase classname="backend.tests.test_uhf_api.TestSuccessStories" name="test_get_success_stories" time="0.375" /></testsuite></testsuites>